SF:lib\core\errors\error_handler.dart
DA:8,1
DA:9,1
DA:11,1
DA:13,1
DA:15,1
DA:16,1
DA:17,1
DA:18,2
DA:19,1
DA:20,1
DA:21,1
DA:23,1
DA:24,2
DA:25,1
DA:27,1
DA:35,0
DA:36,0
DA:37,0
DA:38,0
DA:39,0
DA:42,0
DA:45,0
DA:52,1
DA:54,3
DA:56,3
DA:67,0
DA:68,0
DA:70,0
DA:72,0
DA:73,0
DA:74,0
DA:75,0
LF:32
LH:18
end_of_record
SF:lib\core\exceptions\app_exceptions.dart
DA:3,7
DA:9,2
DA:10,8
DA:15,6
DA:16,0
DA:21,0
DA:22,0
DA:27,6
DA:28,0
DA:33,1
DA:34,0
DA:43,4
DA:44,1
DA:47,1
DA:48,2
DA:54,6
DA:55,1
DA:58,1
DA:59,2
DA:65,4
DA:66,0
DA:71,2
DA:72,0
DA:77,0
DA:78,0
DA:83,1
DA:84,0
DA:89,4
DA:90,1
DA:93,2
DA:101,1
DA:109,1
DA:110,1
DA:111,2
DA:117,1
DA:118,1
DA:119,1
DA:125,1
DA:126,1
DA:127,1
DA:133,1
DA:141,1
DA:151,5
DA:152,1
DA:155,1
DA:156,1
DA:157,2
DA:163,1
DA:171,1
DA:179,1
DA:190,0
DA:191,0
DA:194,0
DA:195,0
DA:196,0
DA:201,0
DA:206,0
DA:207,0
DA:208,0
DA:209,0
DA:214,0
DA:215,0
DA:216,0
DA:221,0
DA:222,0
DA:226,0
LF:66
LH:40
end_of_record
SF:lib\core\utils\result.dart
DA:6,2
DA:12,2
DA:18,2
DA:24,2
DA:27,2
DA:30,3
DA:33,1
DA:34,2
DA:39,1
DA:43,1
DA:44,2
DA:46,2
DA:51,1
DA:52,1
DA:54,3
DA:56,1
DA:57,1
DA:59,0
DA:62,2
DA:66,1
DA:67,1
DA:69,2
DA:70,1
DA:72,0
DA:73,0
DA:75,0
DA:78,2
LF:27
LH:23
end_of_record
SF:lib\shared\widgets\error_state_widget.dart
DA:12,2
DA:19,1
DA:21,1
DA:22,1
DA:24,1
DA:26,1
DA:27,1
DA:28,1
DA:33,1
DA:34,1
DA:36,3
DA:38,2
DA:40,1
DA:41,1
LF:14
LH:14
end_of_record
