SF:lib\core\errors\error_handler.dart
DA:9,1
DA:10,1
DA:12,1
DA:14,1
DA:16,1
DA:17,1
DA:18,1
DA:19,2
DA:20,1
DA:21,1
DA:22,1
DA:24,1
DA:25,2
DA:26,1
DA:28,1
DA:36,0
DA:37,0
DA:38,0
DA:39,0
DA:40,0
DA:43,0
DA:46,0
DA:53,1
DA:55,3
DA:57,3
DA:63,0
DA:66,0
DA:68,0
DA:75,0
DA:76,0
DA:78,0
DA:80,0
DA:81,0
DA:82,0
DA:83,0
LF:35
LH:18
end_of_record
SF:lib\core\exceptions\app_exceptions.dart
DA:3,2
DA:9,2
DA:10,8
DA:15,2
DA:16,2
DA:21,0
DA:22,0
DA:27,2
DA:28,2
DA:33,1
DA:34,1
DA:43,2
DA:46,1
DA:47,2
DA:53,2
DA:54,2
DA:57,1
DA:58,2
DA:64,2
DA:65,2
DA:70,1
DA:71,1
DA:76,0
DA:77,0
DA:82,1
DA:83,1
DA:88,2
DA:91,2
DA:99,1
DA:107,1
DA:108,1
DA:109,2
DA:115,1
DA:116,1
DA:117,1
DA:123,1
DA:124,1
DA:125,1
DA:131,1
DA:139,1
DA:149,2
DA:152,1
DA:153,1
DA:154,2
DA:160,1
DA:168,1
DA:176,1
DA:187,0
DA:188,0
DA:191,0
DA:192,0
DA:193,0
DA:198,0
DA:203,0
DA:204,0
DA:205,0
DA:206,0
DA:211,0
DA:212,0
DA:213,0
DA:218,0
DA:219,0
DA:223,0
LF:63
LH:43
end_of_record
SF:lib\core\services\analytics_service.dart
DA:19,0
DA:23,0
DA:32,0
DA:41,0
DA:50,0
DA:51,0
DA:63,0
DA:64,0
DA:65,0
DA:66,0
DA:73,0
DA:74,0
DA:83,0
DA:84,0
DA:98,0
DA:104,0
DA:127,0
DA:128,0
DA:138,0
DA:143,0
DA:158,0
DA:163,0
DA:171,0
DA:175,0
DA:182,0
DA:187,0
DA:195,0
DA:201,0
DA:202,0
DA:203,0
DA:204,0
DA:205,0
DA:210,0
DA:211,0
LF:34
LH:0
end_of_record
SF:lib\core\utils\result.dart
DA:6,1
DA:12,1
DA:18,1
DA:24,2
DA:27,2
DA:30,3
DA:33,1
DA:34,2
DA:39,1
DA:43,1
DA:44,2
DA:46,2
DA:51,1
DA:52,1
DA:54,3
DA:56,1
DA:57,1
DA:62,2
DA:66,1
DA:67,1
DA:69,2
DA:70,1
DA:72,0
DA:73,0
DA:78,2
LF:25
LH:23
end_of_record
SF:lib\shared\widgets\error_state_widget.dart
DA:14,1
DA:21,1
DA:23,3
DA:25,1
DA:26,1
DA:28,1
DA:30,1
DA:31,1
DA:32,1
DA:37,1
DA:38,1
DA:40,3
DA:42,2
DA:44,1
DA:45,1
LF:15
LH:15
end_of_record
SF:lib\core\constants\app_dimensions.dart
DA:4,0
DA:304,0
DA:305,0
DA:306,0
DA:311,0
DA:312,0
DA:317,0
DA:318,0
DA:319,0
DA:324,0
DA:325,0
DA:326,0
DA:331,0
DA:332,0
DA:333,0
LF:15
LH:0
end_of_record
SF:lib\core\theme\app_colors.dart
DA:6,0
DA:291,0
DA:292,0
DA:296,0
DA:297,0
DA:298,0
DA:300,0
DA:302,0
DA:304,0
DA:312,0
DA:313,0
DA:314,0
DA:315,0
LF:13
LH:0
end_of_record
